<?xml version="1.0" encoding="UTF-8"?>
<!-- Generated by org.testng.reporters.JUnitReportReporter -->
<testsuite hostname="Elzbieta-VAIO" name="test.java.GetDataFromXml" tests="1" failures="0" timestamp="27 Oct 2015 16:51:32 GMT" time="7.034" errors="0">
  <testcase name="testUserLogin" time="7.034" classname="test.java.GetDataFromXml"/>
</testsuite> <!-- test.java.GetDataFromXml -->
