<?xml version="1.0" encoding="UTF-8"?>
<!-- Generated by org.testng.reporters.JUnitReportReporter -->
<testsuite hostname="Elzbieta-VAIO" name="test.java.PopupWindows" tests="2" failures="0" timestamp="27 Oct 2015 16:51:32 GMT" time="19.729" errors="0">
  <testcase name="newWindowsTesting" time="11.700" classname="test.java.PopupWindows"/>
  <testcase name="newWindowsTesting2" time="8.029" classname="test.java.PopupWindows"/>
</testsuite> <!-- test.java.PopupWindows -->
