<?xml version="1.0" encoding="UTF-8"?>
<!-- Generated by org.testng.reporters.JUnitReportReporter -->
<testsuite hostname="Elzbieta-VAIO" name="test.java.FirstTestCase" tests="1" failures="0" timestamp="27 Oct 2015 16:51:32 GMT" time="30.436" errors="0">
  <testcase name="test" time="30.436" classname="test.java.FirstTestCase"/>
</testsuite> <!-- test.java.FirstTestCase -->
