<?xml version="1.0" encoding="UTF-8"?>
<!-- Generated by org.testng.reporters.JUnitReportReporter -->
<testsuite hostname="Elzbieta-VAIO" name="test.java.ScrollingPageWithJavaScript" tests="1" failures="0" timestamp="27 Oct 2015 16:51:32 GMT" time="0.107" errors="0">
  <testcase name="newWindowsTesting" time="0.107" classname="test.java.ScrollingPageWithJavaScript"/>
</testsuite> <!-- test.java.ScrollingPageWithJavaScript -->
