<?xml version="1.0" encoding="UTF-8"?>
<!-- Generated by org.testng.reporters.JUnitReportReporter -->
<testsuite hostname="Elzbieta-VAIO" name="test.java.FirstTestCase" tests="1" failures="0" timestamp="21 Oct 2015 10:39:36 GMT" time="11.526" errors="0">
  <testcase name="test" time="11.526" classname="test.java.FirstTestCase"/>
</testsuite> <!-- test.java.FirstTestCase -->
