<?xml version="1.0" encoding="UTF-8"?>
<!-- Generated by org.testng.reporters.JUnitReportReporter -->
<testsuite hostname="Elzbieta-VAIO" name="test.java.PopupWindows" tests="2" failures="0" timestamp="21 Oct 2015 10:39:36 GMT" time="15.435" errors="0">
  <testcase name="newWindowsTesting2" time="7.272" classname="test.java.PopupWindows"/>
  <testcase name="newWindowsTesting" time="8.163" classname="test.java.PopupWindows"/>
</testsuite> <!-- test.java.PopupWindows -->
