<?xml version="1.0" encoding="UTF-8"?>
<!-- Generated by org.testng.reporters.JUnitReportReporter -->
<testsuite hostname="Elzbieta-VAIO" name="test.java.Mactions" tests="1" failures="0" timestamp="21 Oct 2015 10:39:36 GMT" time="2.934" errors="0">
  <testcase name="actions" time="2.934" classname="test.java.Mactions"/>
</testsuite> <!-- test.java.Mactions -->
