<?xml version="1.0" encoding="UTF-8"?>
<!-- Generated by org.testng.reporters.JUnitReportReporter -->
<testsuite hostname="Elzbieta-VAIO" name="test.java.GetDataFromXml" tests="1" failures="0" timestamp="21 Oct 2015 10:39:36 GMT" time="6.483" errors="0">
  <testcase name="testUserLogin" time="6.483" classname="test.java.GetDataFromXml"/>
</testsuite> <!-- test.java.GetDataFromXml -->
