<?xml version="1.0" encoding="UTF-8"?>
<!-- Generated by org.testng.reporters.JUnitReportReporter -->
<testsuite hostname="Elzbieta-VAIO" name="test.java.Mactions" tests="1" failures="0" timestamp="27 Oct 2015 16:51:32 GMT" time="3.142" errors="0">
  <testcase name="actions" time="3.142" classname="test.java.Mactions"/>
</testsuite> <!-- test.java.Mactions -->
