<?xml version="1.0" encoding="UTF-8"?>
<!-- Generated by org.testng.reporters.JUnitReportReporter -->
<testsuite hostname="Elzbieta-VAIO" name="automationFramework.Mactions" tests="1" failures="0" timestamp="19 Oct 2015 15:10:47 GMT" time="3.278" errors="0">
  <testcase name="actions" time="3.278" classname="automationFramework.Mactions"/>
</testsuite> <!-- automationFramework.Mactions -->
