<?xml version="1.0" encoding="UTF-8"?>
<!-- Generated by org.testng.reporters.JUnitReportReporter -->
<testsuite hostname="Elzbieta-VAIO" name="automationFramework.MultipleActions" tests="1" failures="0" timestamp="16 Oct 2015 10:58:12 GMT" time="2.685" errors="0">
  <testcase name="testFirefoxDriver" time="2.685" classname="automationFramework.MultipleActions"/>
</testsuite> <!-- automationFramework.MultipleActions -->
