<?xml version="1.0" encoding="UTF-8"?>
<!-- Generated by org.testng.reporters.JUnitReportReporter -->
<testsuite hostname="Elzbieta-VAIO" name="automationFramework.GetDataFromXml" tests="1" failures="0" timestamp="19 Oct 2015 15:10:47 GMT" time="6.002" errors="0">
  <testcase name="testUserLogin" time="6.002" classname="automationFramework.GetDataFromXml"/>
</testsuite> <!-- automationFramework.GetDataFromXml -->
