<?xml version="1.0" encoding="UTF-8"?>
<!-- Generated by org.testng.reporters.JUnitReportReporter -->
<testsuite hostname="Elzbieta-VAIO" name="automationFramework.PopupWindows" tests="2" failures="0" timestamp="19 Oct 2015 15:10:47 GMT" time="14.517" errors="0">
  <testcase name="newWindowsTesting2" time="7.313" classname="automationFramework.PopupWindows"/>
  <testcase name="newWindowsTesting" time="7.204" classname="automationFramework.PopupWindows"/>
</testsuite> <!-- automationFramework.PopupWindows -->
