<?xml version="1.0" encoding="UTF-8"?>
<!-- Generated by org.testng.reporters.JUnitReportReporter -->
<testsuite hostname="Elzbieta-VAIO" name="automation.AppiumSampleTest2" tests="1" failures="0" timestamp="9 Nov 2015 18:32:38 GMT" time="15.319" errors="0">
  <testcase name="calc" time="15.319" classname="automation.AppiumSampleTest2"/>
</testsuite> <!-- automation.AppiumSampleTest2 -->
